<?xml version="1.0" encoding="UTF-8"?>
<!-- Generated by org.testng.reporters.JUnitXMLReporter -->
<testsuite ignored="0" hostname="Autoboz" failures="0" tests="2" name="Validação do Menu do AgiBank" time="2.81" errors="0" timestamp="2024-05-27T13:41:52 BRT">
  <testcase classname="br.com.blogdoagi.tests.BlogTests" name="buscaCarreiraPage" time="0.003"/>
  <testcase classname="br.com.blogdoagi.tests.BlogTests" name="validaMenuOagibank" time="0.905"/>
</testsuite> <!-- Validação do Menu do AgiBank -->
