<?xml version="1.0" encoding="UTF-8"?>
<testng-results ignored="0" total="1" passed="1" failed="0" skipped="0">
  <reporter-output>
  </reporter-output>
  <suite started-at="2024-05-27T12:57:22 BRT" name="All Test Suite" finished-at="2024-05-27T12:57:26 BRT" duration-ms="3425">
    <groups>
    </groups>
    <test started-at="2024-05-27T12:57:22 BRT" name="C:/Desenvolvimento/Java/Projetos/BlogAgi/java-automation-blogdoagi/src/test/java/br/com/blogdoagi/tests/BlogTests.java" finished-at="2024-05-27T12:57:26 BRT" duration-ms="3425">
      <class name="br.com.blogdoagi.tests.BlogTests">
        <test-method is-config="true" signature="setUp()[pri:0, instance:br.com.blogdoagi.tests.BlogTests@4f18837a]" started-at="2024-05-27T12:57:22 BRT" name="setUp" finished-at="2024-05-27T12:57:25 BRT" duration-ms="2945" status="PASS">
          <reporter-output>
          </reporter-output>
        </test-method> <!-- setUp -->
        <test-method signature="validaMenuOagibank()[pri:0, instance:br.com.blogdoagi.tests.BlogTests@4f18837a]" started-at="2024-05-27T12:57:25 BRT" name="validaMenuOagibank" finished-at="2024-05-27T12:57:25 BRT" duration-ms="192" status="PASS">
          <reporter-output>
          </reporter-output>
        </test-method> <!-- validaMenuOagibank -->
        <test-method is-config="true" signature="tearDown()[pri:0, instance:br.com.blogdoagi.tests.BlogTests@4f18837a]" started-at="2024-05-27T12:57:25 BRT" name="tearDown" finished-at="2024-05-27T12:57:26 BRT" duration-ms="260" status="PASS">
          <reporter-output>
          </reporter-output>
        </test-method> <!-- tearDown -->
      </class> <!-- br.com.blogdoagi.tests.BlogTests -->
    </test> <!-- C:/Desenvolvimento/Java/Projetos/BlogAgi/java-automation-blogdoagi/src/test/java/br/com/blogdoagi/tests/BlogTests.java -->
  </suite> <!-- All Test Suite -->
</testng-results>
