<?xml version="1.0" encoding="UTF-8"?>
<testng-results ignored="0" total="2" passed="2" failed="0" skipped="0">
  <reporter-output>
  </reporter-output>
  <suite started-at="2024-05-27T17:31:08 BRT" name="All Test Suite" finished-at="2024-05-27T17:31:12 BRT" duration-ms="3579">
    <groups>
    </groups>
    <test started-at="2024-05-27T17:31:08 BRT" name="C:/Desenvolvimento/Java/Projetos/BlogAgi/java-automation-blogdoagi/src/test/java/br/com/blogdoagi/tests/BlogTests.java" finished-at="2024-05-27T17:31:12 BRT" duration-ms="3579">
      <class name="br.com.blogdoagi.tests.BlogTests">
        <test-method is-config="true" signature="setUp()[pri:0, instance:br.com.blogdoagi.tests.BlogTests@4f18837a]" started-at="2024-05-27T17:31:08 BRT" name="setUp" finished-at="2024-05-27T17:31:10 BRT" duration-ms="1543" status="PASS">
          <reporter-output>
          </reporter-output>
        </test-method> <!-- setUp -->
        <test-method signature="validaMenuOagibank()[pri:0, instance:br.com.blogdoagi.tests.BlogTests@4f18837a]" started-at="2024-05-27T17:31:10 BRT" name="validaMenuOagibank" finished-at="2024-05-27T17:31:11 BRT" duration-ms="972" status="PASS">
          <reporter-output>
          </reporter-output>
        </test-method> <!-- validaMenuOagibank -->
        <test-method signature="acessarCarreiraPage()[pri:0, instance:br.com.blogdoagi.tests.BlogTests@4f18837a]" started-at="2024-05-27T17:31:11 BRT" name="acessarCarreiraPage" finished-at="2024-05-27T17:31:12 BRT" duration-ms="755" status="PASS">
          <reporter-output>
          </reporter-output>
        </test-method> <!-- acessarCarreiraPage -->
        <test-method is-config="true" signature="tearDown()[pri:0, instance:br.com.blogdoagi.tests.BlogTests@4f18837a]" started-at="2024-05-27T17:31:12 BRT" name="tearDown" finished-at="2024-05-27T17:31:12 BRT" duration-ms="272" status="PASS">
          <reporter-output>
          </reporter-output>
        </test-method> <!-- tearDown -->
      </class> <!-- br.com.blogdoagi.tests.BlogTests -->
    </test> <!-- C:/Desenvolvimento/Java/Projetos/BlogAgi/java-automation-blogdoagi/src/test/java/br/com/blogdoagi/tests/BlogTests.java -->
  </suite> <!-- All Test Suite -->
</testng-results>
