<?xml version="1.0" encoding="UTF-8"?>
<testng-results ignored="0" total="2" passed="2" failed="0" skipped="0">
  <reporter-output>
  </reporter-output>
  <suite started-at="2024-05-27T13:41:49 BRT" name="All Test Suite" finished-at="2024-05-27T13:41:52 BRT" duration-ms="2810">
    <groups>
    </groups>
    <test started-at="2024-05-27T13:41:49 BRT" name="Validação do Menu do AgiBank" finished-at="2024-05-27T13:41:52 BRT" duration-ms="2810">
      <class name="br.com.blogdoagi.tests.BlogTests">
        <test-method is-config="true" signature="setupTest()[pri:0, instance:br.com.blogdoagi.tests.BlogTests@1f3f4916]" started-at="2024-05-27T13:41:49 BRT" name="setupTest" finished-at="2024-05-27T13:41:49 BRT" duration-ms="10" status="PASS">
          <reporter-output>
          </reporter-output>
        </test-method> <!-- setupTest -->
        <test-method is-config="true" signature="setUp()[pri:0, instance:br.com.blogdoagi.tests.BlogTests@1f3f4916]" started-at="2024-05-27T13:41:49 BRT" name="setUp" finished-at="2024-05-27T13:41:50 BRT" duration-ms="1565" status="PASS">
          <reporter-output>
          </reporter-output>
        </test-method> <!-- setUp -->
        <test-method signature="buscaCarreiraPage()[pri:0, instance:br.com.blogdoagi.tests.BlogTests@1f3f4916]" started-at="2024-05-27T13:41:50 BRT" name="buscaCarreiraPage" description="Busca por oportunidade no Agi" finished-at="2024-05-27T13:41:50 BRT" duration-ms="3" status="PASS">
          <reporter-output>
          </reporter-output>
        </test-method> <!-- buscaCarreiraPage -->
        <test-method signature="validaMenuOagibank()[pri:0, instance:br.com.blogdoagi.tests.BlogTests@1f3f4916]" started-at="2024-05-27T13:41:50 BRT" name="validaMenuOagibank" finished-at="2024-05-27T13:41:51 BRT" duration-ms="905" status="PASS">
          <reporter-output>
          </reporter-output>
        </test-method> <!-- validaMenuOagibank -->
        <test-method is-config="true" signature="tearDown()[pri:0, instance:br.com.blogdoagi.tests.BlogTests@1f3f4916]" started-at="2024-05-27T13:41:51 BRT" name="tearDown" finished-at="2024-05-27T13:41:52 BRT" duration-ms="284" status="PASS">
          <reporter-output>
          </reporter-output>
        </test-method> <!-- tearDown -->
      </class> <!-- br.com.blogdoagi.tests.BlogTests -->
    </test> <!-- Validação do Menu do AgiBank -->
  </suite> <!-- All Test Suite -->
</testng-results>
